<?xml version="1.0" encoding="UTF-8"?>
<testsuite xmlns:xsi="http://www.w3.org/2001/XMLSchema-instance" xsi:noNamespaceSchemaLocation="https://maven.apache.org/surefire/maven-surefire-plugin/xsd/surefire-test-report-3.0.xsd" version="3.0" name="com.merlab.stackflow.service.UserServiceBeanUnitTest" time="0.37" tests="1" errors="0" skipped="0" failures="0">
  <properties>
    <property name="netbeans.deploy" value="true"/>
    <property name="java.specification.version" value="17"/>
    <property name="sun.cpu.isalist" value="amd64"/>
    <property name="sun.jnu.encoding" value="Cp1252"/>
    <property name="java.class.path" value="C:\merLab\projects\StackFlowServer\stackflow\target\test-classes;C:\merLab\projects\StackFlowServer\stackflow\target\classes;C:\Users\merly\.m2\repository\org\apache\openejb\openejb-core\4.7.5\openejb-core-4.7.5.jar;C:\Users\merly\.m2\repository\org\apache\openejb\mbean-annotation-api\4.7.5\mbean-annotation-api-4.7.5.jar;C:\Users\merly\.m2\repository\org\apache\openejb\openejb-jpa-integration\4.7.5\openejb-jpa-integration-4.7.5.jar;C:\Users\merly\.m2\repository\org\apache\openejb\javaee-api\6.0-6\javaee-api-6.0-6.jar;C:\Users\merly\.m2\repository\org\apache\commons\commons-lang3\3.12.0\commons-lang3-3.12.0.jar;C:\Users\merly\.m2\repository\org\apache\openejb\openejb-api\4.7.5\openejb-api-4.7.5.jar;C:\Users\merly\.m2\repository\org\apache\openejb\openejb-javaagent\4.7.5\openejb-javaagent-4.7.5.jar;C:\Users\merly\.m2\repository\org\apache\openejb\openejb-jee\4.7.5\openejb-jee-4.7.5.jar;C:\Users\merly\.m2\repository\com\sun\xml\bind\jaxb-impl\2.2.7\jaxb-impl-2.2.7.jar;C:\Users\merly\.m2\repository\com\sun\xml\bind\jaxb-core\2.2.7\jaxb-core-2.2.7.jar;C:\Users\merly\.m2\repository\org\apache\openejb\openejb-jee-accessors\4.7.5\openejb-jee-accessors-4.7.5.jar;C:\Users\merly\.m2\repository\org\metatype\sxc\sxc-jaxb-core\0.8\sxc-jaxb-core-0.8.jar;C:\Users\merly\.m2\repository\org\metatype\sxc\sxc-runtime\0.8\sxc-runtime-0.8.jar;C:\Users\merly\.m2\repository\commons-cli\commons-cli\1.5.0\commons-cli-1.5.0.jar;C:\Users\merly\.m2\repository\commons-collections\commons-collections\3.2.2\commons-collections-3.2.2.jar;C:\Users\merly\.m2\repository\org\apache\activemq\activemq-ra\5.10.2\activemq-ra-5.10.2.jar;C:\Users\merly\.m2\repository\org\apache\activemq\activemq-kahadb-store\5.10.2\activemq-kahadb-store-5.10.2.jar;C:\Users\merly\.m2\repository\org\apache\activemq\protobuf\activemq-protobuf\1.1\activemq-protobuf-1.1.jar;C:\Users\merly\.m2\repository\org\apache\activemq\activemq-broker\5.10.2\activemq-broker-5.10.2.jar;C:\Users\merly\.m2\repository\org\apache\activemq\activemq-client\5.10.2\activemq-client-5.10.2.jar;C:\Users\merly\.m2\repository\org\fusesource\hawtbuf\hawtbuf\1.10\hawtbuf-1.10.jar;C:\Users\merly\.m2\repository\org\apache\activemq\activemq-openwire-legacy\5.10.2\activemq-openwire-legacy-5.10.2.jar;C:\Users\merly\.m2\repository\org\apache\activemq\activemq-jdbc-store\5.10.2\activemq-jdbc-store-5.10.2.jar;C:\Users\merly\.m2\repository\org\apache\geronimo\components\geronimo-connector\3.1.1\geronimo-connector-3.1.1.jar;C:\Users\merly\.m2\repository\org\apache\geronimo\specs\geronimo-j2ee-connector_1.6_spec\1.0\geronimo-j2ee-connector_1.6_spec-1.0.jar;C:\Users\merly\.m2\repository\org\apache\geronimo\components\geronimo-transaction\3.1.1\geronimo-transaction-3.1.1.jar;C:\Users\merly\.m2\repository\org\objectweb\howl\howl\1.0.1-1\howl-1.0.1-1.jar;C:\Users\merly\.m2\repository\org\apache\geronimo\javamail\geronimo-javamail_1.4_mail\1.9.0-alpha-2\geronimo-javamail_1.4_mail-1.9.0-alpha-2.jar;C:\Users\merly\.m2\repository\org\apache\xbean\xbean-asm5-shaded\4.2\xbean-asm5-shaded-4.2.jar;C:\Users\merly\.m2\repository\org\apache\xbean\xbean-finder-shaded\4.2\xbean-finder-shaded-4.2.jar;C:\Users\merly\.m2\repository\org\apache\xbean\xbean-reflect\4.2\xbean-reflect-4.2.jar;C:\Users\merly\.m2\repository\org\apache\xbean\xbean-naming\4.2\xbean-naming-4.2.jar;C:\Users\merly\.m2\repository\org\apache\xbean\xbean-bundleutils\4.2\xbean-bundleutils-4.2.jar;C:\Users\merly\.m2\repository\org\hsqldb\hsqldb\2.3.2\hsqldb-2.3.2.jar;C:\Users\merly\.m2\repository\commons-dbcp\commons-dbcp\1.4\commons-dbcp-1.4.jar;C:\Users\merly\.m2\repository\commons-pool\commons-pool\1.5.7\commons-pool-1.5.7.jar;C:\Users\merly\.m2\repository\org\codehaus\swizzle\swizzle-stream\1.6.2\swizzle-stream-1.6.2.jar;C:\Users\merly\.m2\repository\commons-logging\commons-logging\1.1.1\commons-logging-1.1.1.jar;C:\Users\merly\.m2\repository\org\apache\openejb\shade\quartz-openejb-shade\2.2.1\quartz-openejb-shade-2.2.1.jar;C:\Users\merly\.m2\repository\org\slf4j\slf4j-jdk14\1.7.14\slf4j-jdk14-1.7.14.jar;C:\Users\merly\.m2\repository\org\apache\openwebbeans\openwebbeans-impl\1.2.8\openwebbeans-impl-1.2.8.jar;C:\Users\merly\.m2\repository\org\apache\openwebbeans\openwebbeans-spi\1.2.8\openwebbeans-spi-1.2.8.jar;C:\Users\merly\.m2\repository\org\apache\openwebbeans\openwebbeans-ejb\1.2.8\openwebbeans-ejb-1.2.8.jar;C:\Users\merly\.m2\repository\org\apache\openwebbeans\openwebbeans-ee\1.2.8\openwebbeans-ee-1.2.8.jar;C:\Users\merly\.m2\repository\org\apache\openwebbeans\openwebbeans-ee-common\1.2.8\openwebbeans-ee-common-1.2.8.jar;C:\Users\merly\.m2\repository\org\apache\openwebbeans\openwebbeans-web\1.2.8\openwebbeans-web-1.2.8.jar;C:\Users\merly\.m2\repository\org\apache\openwebbeans\openwebbeans-el22\1.2.8\openwebbeans-el22-1.2.8.jar;C:\Users\merly\.m2\repository\org\apache\openjpa\openjpa\2.4.2\openjpa-2.4.2.jar;C:\Users\merly\.m2\repository\commons-lang\commons-lang\2.6\commons-lang-2.6.jar;C:\Users\merly\.m2\repository\net\sourceforge\serp\serp\1.15.1\serp-1.15.1.jar;C:\Users\merly\.m2\repository\junit\junit\4.13.2\junit-4.13.2.jar;C:\Users\merly\.m2\repository\org\hamcrest\hamcrest-core\2.2\hamcrest-core-2.2.jar;C:\Users\merly\.m2\repository\org\hamcrest\hamcrest\2.2\hamcrest-2.2.jar;C:\Users\merly\.m2\repository\org\apache\bval\bval-core\0.5\bval-core-0.5.jar;C:\Users\merly\.m2\repository\commons-beanutils\commons-beanutils-core\1.8.3\commons-beanutils-core-1.8.3.jar;C:\Users\merly\.m2\repository\org\apache\bval\bval-jsr303\0.5\bval-jsr303-0.5.jar;C:\Users\merly\.m2\repository\org\fusesource\jansi\jansi\2.4.0\jansi-2.4.0.jar;C:\Users\merly\.m2\repository\org\apache\openejb\openejb-loader\4.7.5\openejb-loader-4.7.5.jar;C:\Users\merly\.m2\repository\jakarta\platform\jakarta.jakartaee-web-api\10.0.0\jakarta.jakartaee-web-api-10.0.0.jar;C:\Users\merly\.m2\repository\jakarta\servlet\jakarta.servlet-api\6.0.0\jakarta.servlet-api-6.0.0.jar;C:\Users\merly\.m2\repository\jakarta\servlet\jsp\jakarta.servlet.jsp-api\3.1.0\jakarta.servlet.jsp-api-3.1.0.jar;C:\Users\merly\.m2\repository\jakarta\el\jakarta.el-api\5.0.1\jakarta.el-api-5.0.1.jar;C:\Users\merly\.m2\repository\jakarta\servlet\jsp\jstl\jakarta.servlet.jsp.jstl-api\3.0.0\jakarta.servlet.jsp.jstl-api-3.0.0.jar;C:\Users\merly\.m2\repository\jakarta\faces\jakarta.faces-api\4.0.1\jakarta.faces-api-4.0.1.jar;C:\Users\merly\.m2\repository\jakarta\ws\rs\jakarta.ws.rs-api\3.1.0\jakarta.ws.rs-api-3.1.0.jar;C:\Users\merly\.m2\repository\jakarta\websocket\jakarta.websocket-api\2.1.0\jakarta.websocket-api-2.1.0.jar;C:\Users\merly\.m2\repository\jakarta\websocket\jakarta.websocket-client-api\2.1.0\jakarta.websocket-client-api-2.1.0.jar;C:\Users\merly\.m2\repository\jakarta\json\jakarta.json-api\2.1.0\jakarta.json-api-2.1.0.jar;C:\Users\merly\.m2\repository\jakarta\json\bind\jakarta.json.bind-api\3.0.0\jakarta.json.bind-api-3.0.0.jar;C:\Users\merly\.m2\repository\jakarta\annotation\jakarta.annotation-api\2.1.1\jakarta.annotation-api-2.1.1.jar;C:\Users\merly\.m2\repository\jakarta\ejb\jakarta.ejb-api\4.0.1\jakarta.ejb-api-4.0.1.jar;C:\Users\merly\.m2\repository\jakarta\transaction\jakarta.transaction-api\2.0.1\jakarta.transaction-api-2.0.1.jar;C:\Users\merly\.m2\repository\jakarta\persistence\jakarta.persistence-api\3.1.0\jakarta.persistence-api-3.1.0.jar;C:\Users\merly\.m2\repository\jakarta\validation\jakarta.validation-api\3.0.2\jakarta.validation-api-3.0.2.jar;C:\Users\merly\.m2\repository\jakarta\interceptor\jakarta.interceptor-api\2.1.0\jakarta.interceptor-api-2.1.0.jar;C:\Users\merly\.m2\repository\jakarta\enterprise\jakarta.enterprise.cdi-api\4.0.1\jakarta.enterprise.cdi-api-4.0.1.jar;C:\Users\merly\.m2\repository\jakarta\enterprise\jakarta.enterprise.lang-model\4.0.1\jakarta.enterprise.lang-model-4.0.1.jar;C:\Users\merly\.m2\repository\jakarta\inject\jakarta.inject-api\2.0.1\jakarta.inject-api-2.0.1.jar;C:\Users\merly\.m2\repository\jakarta\authentication\jakarta.authentication-api\3.0.0\jakarta.authentication-api-3.0.0.jar;C:\Users\merly\.m2\repository\jakarta\security\enterprise\jakarta.security.enterprise-api\3.0.0\jakarta.security.enterprise-api-3.0.0.jar;C:\Users\merly\.m2\repository\com\fasterxml\jackson\jaxrs\jackson-jaxrs-json-provider\2.15.2\jackson-jaxrs-json-provider-2.15.2.jar;C:\Users\merly\.m2\repository\com\fasterxml\jackson\jaxrs\jackson-jaxrs-base\2.15.2\jackson-jaxrs-base-2.15.2.jar;C:\Users\merly\.m2\repository\com\fasterxml\jackson\module\jackson-module-jaxb-annotations\2.15.2\jackson-module-jaxb-annotations-2.15.2.jar;C:\Users\merly\.m2\repository\jakarta\activation\jakarta.activation-api\1.2.2\jakarta.activation-api-1.2.2.jar;C:\Users\merly\.m2\repository\com\fasterxml\jackson\core\jackson-databind\2.15.2\jackson-databind-2.15.2.jar;C:\Users\merly\.m2\repository\com\fasterxml\jackson\core\jackson-core\2.15.2\jackson-core-2.15.2.jar;C:\Users\merly\.m2\repository\com\fasterxml\jackson\core\jackson-annotations\2.15.2\jackson-annotations-2.15.2.jar;C:\Users\merly\.m2\repository\com\fasterxml\jackson\datatype\jackson-datatype-jdk8\2.15.2\jackson-datatype-jdk8-2.15.2.jar;C:\Users\merly\.m2\repository\com\fasterxml\jackson\datatype\jackson-datatype-jsr310\2.15.2\jackson-datatype-jsr310-2.15.2.jar;C:\Users\merly\.m2\repository\javax\xml\bind\jaxb-api\2.3.1\jaxb-api-2.3.1.jar;C:\Users\merly\.m2\repository\javax\activation\javax.activation-api\1.2.0\javax.activation-api-1.2.0.jar;C:\Users\merly\.m2\repository\org\glassfish\jaxb\jaxb-runtime\2.3.1\jaxb-runtime-2.3.1.jar;C:\Users\merly\.m2\repository\org\glassfish\jaxb\txw2\2.3.1\txw2-2.3.1.jar;C:\Users\merly\.m2\repository\com\sun\istack\istack-commons-runtime\3.0.7\istack-commons-runtime-3.0.7.jar;C:\Users\merly\.m2\repository\org\jvnet\staxex\stax-ex\1.8\stax-ex-1.8.jar;C:\Users\merly\.m2\repository\com\sun\xml\fastinfoset\FastInfoset\1.2.15\FastInfoset-1.2.15.jar;C:\Users\merly\.m2\repository\org\jboss\weld\se\weld-se-core\5.1.2.Final\weld-se-core-5.1.2.Final.jar;C:\Users\merly\.m2\repository\org\jboss\weld\environment\weld-environment-common\5.1.2.Final\weld-environment-common-5.1.2.Final.jar;C:\Users\merly\.m2\repository\org\jboss\weld\weld-core-impl\5.1.2.Final\weld-core-impl-5.1.2.Final.jar;C:\Users\merly\.m2\repository\org\jboss\weld\weld-api\5.0.SP3\weld-api-5.0.SP3.jar;C:\Users\merly\.m2\repository\org\jboss\weld\weld-spi\5.0.SP3\weld-spi-5.0.SP3.jar;C:\Users\merly\.m2\repository\org\jboss\weld\weld-lite-extension-translator\5.1.2.Final\weld-lite-extension-translator-5.1.2.Final.jar;C:\Users\merly\.m2\repository\org\jboss\logging\jboss-logging-processor\2.2.1.Final\jboss-logging-processor-2.2.1.Final.jar;C:\Users\merly\.m2\repository\org\jboss\logging\jboss-logging-annotations\2.2.1.Final\jboss-logging-annotations-2.2.1.Final.jar;C:\Users\merly\.m2\repository\org\jboss\jdeparser\jdeparser\2.0.3.Final\jdeparser-2.0.3.Final.jar;C:\Users\merly\.m2\repository\org\jboss\classfilewriter\jboss-classfilewriter\1.3.0.Final\jboss-classfilewriter-1.3.0.Final.jar;C:\Users\merly\.m2\repository\org\junit\jupiter\junit-jupiter-api\5.9.2\junit-jupiter-api-5.9.2.jar;C:\Users\merly\.m2\repository\org\opentest4j\opentest4j\1.2.0\opentest4j-1.2.0.jar;C:\Users\merly\.m2\repository\org\junit\platform\junit-platform-commons\1.9.2\junit-platform-commons-1.9.2.jar;C:\Users\merly\.m2\repository\org\apiguardian\apiguardian-api\1.1.2\apiguardian-api-1.1.2.jar;C:\Users\merly\.m2\repository\org\junit\jupiter\junit-jupiter-engine\5.9.2\junit-jupiter-engine-5.9.2.jar;C:\Users\merly\.m2\repository\org\junit\platform\junit-platform-engine\1.9.2\junit-platform-engine-1.9.2.jar;C:\Users\merly\.m2\repository\org\mariadb\jdbc\mariadb-java-client\3.1.4\mariadb-java-client-3.1.4.jar;C:\Users\merly\.m2\repository\com\github\waffle\waffle-jna\3.2.0\waffle-jna-3.2.0.jar;C:\Users\merly\.m2\repository\net\java\dev\jna\jna\5.12.1\jna-5.12.1.jar;C:\Users\merly\.m2\repository\net\java\dev\jna\jna-platform\5.12.1\jna-platform-5.12.1.jar;C:\Users\merly\.m2\repository\org\slf4j\jcl-over-slf4j\1.7.36\jcl-over-slf4j-1.7.36.jar;C:\Users\merly\.m2\repository\com\github\ben-manes\caffeine\caffeine\2.9.3\caffeine-2.9.3.jar;C:\Users\merly\.m2\repository\com\google\errorprone\error_prone_annotations\2.10.0\error_prone_annotations-2.10.0.jar;C:\Users\merly\.m2\repository\org\checkerframework\checker-qual\3.23.0\checker-qual-3.23.0.jar;C:\Users\merly\.m2\repository\org\slf4j\slf4j-api\2.0.13\slf4j-api-2.0.13.jar;C:\Users\merly\.m2\repository\org\apache\logging\log4j\log4j-slf4j2-impl\2.23.1\log4j-slf4j2-impl-2.23.1.jar;C:\Users\merly\.m2\repository\org\apache\logging\log4j\log4j-api\2.23.1\log4j-api-2.23.1.jar;C:\Users\merly\.m2\repository\org\apache\logging\log4j\log4j-core\2.23.1\log4j-core-2.23.1.jar;C:\Users\merly\.m2\repository\org\openjfx\javafx-controls\21.0.2\javafx-controls-21.0.2.jar;C:\Users\merly\.m2\repository\org\openjfx\javafx-graphics\21.0.2\javafx-graphics-21.0.2.jar;C:\Users\merly\.m2\repository\org\openjfx\javafx-graphics\21.0.2\javafx-graphics-21.0.2-win.jar;C:\Users\merly\.m2\repository\org\openjfx\javafx-base\21.0.2\javafx-base-21.0.2.jar;C:\Users\merly\.m2\repository\org\openjfx\javafx-base\21.0.2\javafx-base-21.0.2-win.jar;C:\Users\merly\.m2\repository\org\openjfx\javafx-web\21.0.2\javafx-web-21.0.2.jar;C:\Users\merly\.m2\repository\org\openjfx\javafx-web\21.0.2\javafx-web-21.0.2-win.jar;C:\Users\merly\.m2\repository\org\openjfx\javafx-media\21.0.2\javafx-media-21.0.2.jar;C:\Users\merly\.m2\repository\org\openjfx\javafx-media\21.0.2\javafx-media-21.0.2-win.jar;C:\Users\merly\.m2\repository\org\openjfx\javafx-controls\21.0.2\javafx-controls-21.0.2-win.jar;C:\Users\merly\.m2\repository\jakarta\xml\bind\jakarta.xml.bind-api\3.0.1\jakarta.xml.bind-api-3.0.1.jar;C:\Users\merly\.m2\repository\com\sun\activation\jakarta.activation\2.0.1\jakarta.activation-2.0.1.jar;C:\Users\merly\.m2\repository\org\mindrot\jbcrypt\0.4\jbcrypt-0.4.jar;C:\Users\merly\.m2\repository\org\jboss\arquillian\junit5\arquillian-junit5-container\1.8.0.Final\arquillian-junit5-container-1.8.0.Final.jar;C:\Users\merly\.m2\repository\org\jboss\arquillian\test\arquillian-test-api\1.8.0.Final\arquillian-test-api-1.8.0.Final.jar;C:\Users\merly\.m2\repository\org\jboss\arquillian\test\arquillian-test-spi\1.8.0.Final\arquillian-test-spi-1.8.0.Final.jar;C:\Users\merly\.m2\repository\org\jboss\arquillian\core\arquillian-core-spi\1.8.0.Final\arquillian-core-spi-1.8.0.Final.jar;C:\Users\merly\.m2\repository\org\jboss\arquillian\container\arquillian-container-test-api\1.8.0.Final\arquillian-container-test-api-1.8.0.Final.jar;C:\Users\merly\.m2\repository\org\jboss\shrinkwrap\descriptors\shrinkwrap-descriptors-api-base\2.0.0\shrinkwrap-descriptors-api-base-2.0.0.jar;C:\Users\merly\.m2\repository\org\jboss\arquillian\container\arquillian-container-test-spi\1.8.0.Final\arquillian-container-test-spi-1.8.0.Final.jar;C:\Users\merly\.m2\repository\org\jboss\arquillian\container\arquillian-container-spi\1.8.0.Final\arquillian-container-spi-1.8.0.Final.jar;C:\Users\merly\.m2\repository\org\jboss\arquillian\core\arquillian-core-impl-base\1.8.0.Final\arquillian-core-impl-base-1.8.0.Final.jar;C:\Users\merly\.m2\repository\org\jboss\arquillian\test\arquillian-test-impl-base\1.8.0.Final\arquillian-test-impl-base-1.8.0.Final.jar;C:\Users\merly\.m2\repository\org\jboss\arquillian\container\arquillian-container-impl-base\1.8.0.Final\arquillian-container-impl-base-1.8.0.Final.jar;C:\Users\merly\.m2\repository\org\jboss\arquillian\config\arquillian-config-api\1.8.0.Final\arquillian-config-api-1.8.0.Final.jar;C:\Users\merly\.m2\repository\org\jboss\arquillian\config\arquillian-config-impl-base\1.8.0.Final\arquillian-config-impl-base-1.8.0.Final.jar;C:\Users\merly\.m2\repository\org\jboss\arquillian\config\arquillian-config-spi\1.8.0.Final\arquillian-config-spi-1.8.0.Final.jar;C:\Users\merly\.m2\repository\org\jboss\shrinkwrap\descriptors\shrinkwrap-descriptors-spi\2.0.0\shrinkwrap-descriptors-spi-2.0.0.jar;C:\Users\merly\.m2\repository\org\jboss\arquillian\container\arquillian-container-test-impl-base\1.8.0.Final\arquillian-container-test-impl-base-1.8.0.Final.jar;C:\Users\merly\.m2\repository\org\jboss\arquillian\junit5\arquillian-junit5-core\1.8.0.Final\arquillian-junit5-core-1.8.0.Final.jar;C:\Users\merly\.m2\repository\org\wildfly\arquillian\wildfly-arquillian-container-managed\2.1.1.Final\wildfly-arquillian-container-managed-2.1.1.Final.jar;C:\Users\merly\.m2\repository\org\wildfly\arquillian\wildfly-arquillian-common\2.1.1.Final\wildfly-arquillian-common-2.1.1.Final.jar;C:\Users\merly\.m2\repository\org\jboss\arquillian\testenricher\arquillian-testenricher-cdi\1.8.0.Final\arquillian-testenricher-cdi-1.8.0.Final.jar;C:\Users\merly\.m2\repository\org\jboss\arquillian\testenricher\arquillian-testenricher-ejb\1.8.0.Final\arquillian-testenricher-ejb-1.8.0.Final.jar;C:\Users\merly\.m2\repository\org\jboss\arquillian\testenricher\arquillian-testenricher-initialcontext\1.8.0.Final\arquillian-testenricher-initialcontext-1.8.0.Final.jar;C:\Users\merly\.m2\repository\org\jboss\arquillian\testenricher\arquillian-testenricher-resource\1.8.0.Final\arquillian-testenricher-resource-1.8.0.Final.jar;C:\Users\merly\.m2\repository\org\jboss\arquillian\protocol\arquillian-protocol-servlet\1.8.0.Final\arquillian-protocol-servlet-1.8.0.Final.jar;C:\Users\merly\.m2\repository\org\wildfly\arquillian\wildfly-arquillian-testenricher-msc\2.1.1.Final\wildfly-arquillian-testenricher-msc-2.1.1.Final.jar;C:\Users\merly\.m2\repository\org\wildfly\core\wildfly-server\3.0.0.Final\wildfly-server-3.0.0.Final.jar;C:\Users\merly\.m2\repository\org\wildfly\core\wildfly-controller\3.0.0.Final\wildfly-controller-3.0.0.Final.jar;C:\Users\merly\.m2\repository\org\jboss\staxmapper\1.3.0.Final\staxmapper-1.3.0.Final.jar;C:\Users\merly\.m2\repository\org\projectodd\vdx\vdx-wildfly\1.1.6\vdx-wildfly-1.1.6.jar;C:\Users\merly\.m2\repository\org\projectodd\vdx\vdx-core\1.1.6\vdx-core-1.1.6.jar;C:\Users\merly\.m2\repository\org\wildfly\core\wildfly-core-management-client\3.0.0.Final\wildfly-core-management-client-3.0.0.Final.jar;C:\Users\merly\.m2\repository\org\wildfly\core\wildfly-domain-http-interface\3.0.0.Final\wildfly-domain-http-interface-3.0.0.Final.jar;C:\Users\merly\.m2\repository\org\wildfly\security\elytron-web\undertow-server\1.0.0.Final\undertow-server-1.0.0.Final.jar;C:\Users\merly\.m2\repository\org\wildfly\core\wildfly-deployment-repository\3.0.0.Final\wildfly-deployment-repository-3.0.0.Final.jar;C:\Users\merly\.m2\repository\org\wildfly\core\wildfly-platform-mbean\3.0.0.Final\wildfly-platform-mbean-3.0.0.Final.jar;C:\Users\merly\.m2\repository\org\wildfly\core\wildfly-process-controller\3.0.0.Final\wildfly-process-controller-3.0.0.Final.jar;C:\Users\merly\.m2\repository\org\wildfly\core\wildfly-network\3.0.0.Final\wildfly-network-3.0.0.Final.jar;C:\Users\merly\.m2\repository\org\wildfly\core\wildfly-version\3.0.0.Final\wildfly-version-3.0.0.Final.jar;C:\Users\merly\.m2\repository\org\jboss\jandex\2.0.3.Final\jandex-2.0.3.Final.jar;C:\Users\merly\.m2\repository\org\jboss\invocation\jboss-invocation\1.5.0.Final\jboss-invocation-1.5.0.Final.jar;C:\Users\merly\.m2\repository\org\jboss\logmanager\jboss-logmanager\2.0.7.Final\jboss-logmanager-2.0.7.Final.jar;C:\Users\merly\.m2\repository\org\jboss\modules\jboss-modules\1.6.0.Final\jboss-modules-1.6.0.Final.jar;C:\Users\merly\.m2\repository\org\jboss\stdio\jboss-stdio\1.0.2.GA\jboss-stdio-1.0.2.GA.jar;C:\Users\merly\.m2\repository\org\jboss\jboss-vfs\3.2.12.Final\jboss-vfs-3.2.12.Final.jar;C:\Users\merly\.m2\repository\io\undertow\undertow-core\1.4.18.Final\undertow-core-1.4.18.Final.jar;C:\Users\merly\.m2\repository\org\wildfly\core\wildfly-controller-client\3.0.0.Final\wildfly-controller-client-3.0.0.Final.jar;C:\Users\merly\.m2\repository\org\wildfly\core\wildfly-protocol\3.0.0.Final\wildfly-protocol-3.0.0.Final.jar;C:\Users\merly\.m2\repository\org\jboss\jboss-dmr\1.4.1.Final\jboss-dmr-1.4.1.Final.jar;C:\Users\merly\.m2\repository\org\jboss\threads\jboss-threads\2.2.1.Final\jboss-threads-2.2.1.Final.jar;C:\Users\merly\.m2\repository\org\wildfly\plugins\wildfly-plugin-core\1.2.0.Final\wildfly-plugin-core-1.2.0.Final.jar;C:\Users\merly\.m2\repository\org\jboss\shrinkwrap\descriptors\shrinkwrap-descriptors-impl-base\2.0.0\shrinkwrap-descriptors-impl-base-2.0.0.jar;C:\Users\merly\.m2\repository\org\wildfly\common\wildfly-common\1.2.0.Final\wildfly-common-1.2.0.Final.jar;C:\Users\merly\.m2\repository\org\wildfly\arquillian\wildfly-arquillian-protocol-jmx\2.1.1.Final\wildfly-arquillian-protocol-jmx-2.1.1.Final.jar;C:\Users\merly\.m2\repository\org\wildfly\security\wildfly-elytron\1.1.0.Final\wildfly-elytron-1.1.0.Final.jar;C:\Users\merly\.m2\repository\org\jboss\arquillian\protocol\arquillian-protocol-jmx\1.8.0.Final\arquillian-protocol-jmx-1.8.0.Final.jar;C:\Users\merly\.m2\repository\org\wildfly\core\wildfly-jmx\3.0.0.Final\wildfly-jmx-3.0.0.Final.jar;C:\Users\merly\.m2\repository\org\jboss\msc\jboss-msc\1.2.7.SP1\jboss-msc-1.2.7.SP1.jar;C:\Users\merly\.m2\repository\org\wildfly\core\wildfly-remoting\3.0.0.Final\wildfly-remoting-3.0.0.Final.jar;C:\Users\merly\.m2\repository\org\wildfly\core\wildfly-domain-management\3.0.0.Final\wildfly-domain-management-3.0.0.Final.jar;C:\Users\merly\.m2\repository\org\picketbox\picketbox\5.0.2.Final\picketbox-5.0.2.Final.jar;C:\Users\merly\.m2\repository\org\wildfly\openssl\wildfly-openssl-java\1.0.2.Final\wildfly-openssl-java-1.0.2.Final.jar;C:\Users\merly\.m2\repository\org\wildfly\core\wildfly-core-security\3.0.0.Final\wildfly-core-security-3.0.0.Final.jar;C:\Users\merly\.m2\repository\org\wildfly\core\wildfly-core-security-api\3.0.0.Final\wildfly-core-security-api-3.0.0.Final.jar;C:\Users\merly\.m2\repository\org\wildfly\core\wildfly-io\3.0.0.Final\wildfly-io-3.0.0.Final.jar;C:\Users\merly\.m2\repository\org\jboss\xnio\xnio-api\3.5.1.Final\xnio-api-3.5.1.Final.jar;C:\Users\merly\.m2\repository\org\wildfly\client\wildfly-client-config\1.0.0.Final\wildfly-client-config-1.0.0.Final.jar;C:\Users\merly\.m2\repository\org\jboss\xnio\xnio-nio\3.5.1.Final\xnio-nio-3.5.1.Final.jar;C:\Users\merly\.m2\repository\org\jboss\logging\jboss-logging\3.3.1.Final\jboss-logging-3.3.1.Final.jar;C:\Users\merly\.m2\repository\org\jboss\marshalling\jboss-marshalling\2.0.0.Final\jboss-marshalling-2.0.0.Final.jar;C:\Users\merly\.m2\repository\org\jboss\marshalling\jboss-marshalling-river\2.0.0.Final\jboss-marshalling-river-2.0.0.Final.jar;C:\Users\merly\.m2\repository\org\jboss\remoting\jboss-remoting\5.0.0.Final\jboss-remoting-5.0.0.Final.jar;C:\Users\merly\.m2\repository\org\jboss\remotingjmx\remoting-jmx\3.0.0.Final\remoting-jmx-3.0.0.Final.jar;C:\Users\merly\.m2\repository\javax\inject\javax.inject\1\javax.inject-1.jar;C:\Users\merly\.m2\repository\org\wildfly\core\wildfly-launcher\3.0.0.Final\wildfly-launcher-3.0.0.Final.jar;C:\Users\merly\.m2\repository\org\jboss\arquillian\core\arquillian-core-api\1.8.0.Final\arquillian-core-api-1.8.0.Final.jar;C:\Users\merly\.m2\repository\org\jboss\shrinkwrap\shrinkwrap-api\1.2.6\shrinkwrap-api-1.2.6.jar;C:\Users\merly\.m2\repository\org\jboss\shrinkwrap\shrinkwrap-impl-base\1.2.6\shrinkwrap-impl-base-1.2.6.jar;C:\Users\merly\.m2\repository\org\jboss\shrinkwrap\shrinkwrap-spi\1.2.6\shrinkwrap-spi-1.2.6.jar;"/>
    <property name="java.vm.vendor" value="Eclipse Adoptium"/>
    <property name="sun.arch.data.model" value="64"/>
    <property name="user.variant" value=""/>
    <property name="exec.appArgs" value=""/>
    <property name="java.vendor.url" value="https://adoptium.net/"/>
    <property name="user.timezone" value="Europe/Berlin"/>
    <property name="os.name" value="Windows 11"/>
    <property name="java.vm.specification.version" value="17"/>
    <property name="user.country" value="DE"/>
    <property name="sun.java.launcher" value="SUN_STANDARD"/>
    <property name="sun.boot.library.path" value="C:\Program Files\Eclipse Adoptium\jdk-17.0.14.7-hotspot\bin"/>
    <property name="sun.java.command" value="C:\Users\merly\AppData\Local\Temp\surefire10882230381806221859\surefirebooter-20250614224540700_3.jar C:\Users\merly\AppData\Local\Temp\surefire10882230381806221859 2025-06-14T22-45-40_375-jvmRun1 surefire-20250614224540700_1tmp surefire_0-20250614224540700_2tmp"/>
    <property name="jdk.debug" value="release"/>
    <property name="exec.vmArgs" value=""/>
    <property name="surefire.test.class.path" value="C:\merLab\projects\StackFlowServer\stackflow\target\test-classes;C:\merLab\projects\StackFlowServer\stackflow\target\classes;C:\Users\merly\.m2\repository\org\apache\openejb\openejb-core\4.7.5\openejb-core-4.7.5.jar;C:\Users\merly\.m2\repository\org\apache\openejb\mbean-annotation-api\4.7.5\mbean-annotation-api-4.7.5.jar;C:\Users\merly\.m2\repository\org\apache\openejb\openejb-jpa-integration\4.7.5\openejb-jpa-integration-4.7.5.jar;C:\Users\merly\.m2\repository\org\apache\openejb\javaee-api\6.0-6\javaee-api-6.0-6.jar;C:\Users\merly\.m2\repository\org\apache\commons\commons-lang3\3.12.0\commons-lang3-3.12.0.jar;C:\Users\merly\.m2\repository\org\apache\openejb\openejb-api\4.7.5\openejb-api-4.7.5.jar;C:\Users\merly\.m2\repository\org\apache\openejb\openejb-javaagent\4.7.5\openejb-javaagent-4.7.5.jar;C:\Users\merly\.m2\repository\org\apache\openejb\openejb-jee\4.7.5\openejb-jee-4.7.5.jar;C:\Users\merly\.m2\repository\com\sun\xml\bind\jaxb-impl\2.2.7\jaxb-impl-2.2.7.jar;C:\Users\merly\.m2\repository\com\sun\xml\bind\jaxb-core\2.2.7\jaxb-core-2.2.7.jar;C:\Users\merly\.m2\repository\org\apache\openejb\openejb-jee-accessors\4.7.5\openejb-jee-accessors-4.7.5.jar;C:\Users\merly\.m2\repository\org\metatype\sxc\sxc-jaxb-core\0.8\sxc-jaxb-core-0.8.jar;C:\Users\merly\.m2\repository\org\metatype\sxc\sxc-runtime\0.8\sxc-runtime-0.8.jar;C:\Users\merly\.m2\repository\commons-cli\commons-cli\1.5.0\commons-cli-1.5.0.jar;C:\Users\merly\.m2\repository\commons-collections\commons-collections\3.2.2\commons-collections-3.2.2.jar;C:\Users\merly\.m2\repository\org\apache\activemq\activemq-ra\5.10.2\activemq-ra-5.10.2.jar;C:\Users\merly\.m2\repository\org\apache\activemq\activemq-kahadb-store\5.10.2\activemq-kahadb-store-5.10.2.jar;C:\Users\merly\.m2\repository\org\apache\activemq\protobuf\activemq-protobuf\1.1\activemq-protobuf-1.1.jar;C:\Users\merly\.m2\repository\org\apache\activemq\activemq-broker\5.10.2\activemq-broker-5.10.2.jar;C:\Users\merly\.m2\repository\org\apache\activemq\activemq-client\5.10.2\activemq-client-5.10.2.jar;C:\Users\merly\.m2\repository\org\fusesource\hawtbuf\hawtbuf\1.10\hawtbuf-1.10.jar;C:\Users\merly\.m2\repository\org\apache\activemq\activemq-openwire-legacy\5.10.2\activemq-openwire-legacy-5.10.2.jar;C:\Users\merly\.m2\repository\org\apache\activemq\activemq-jdbc-store\5.10.2\activemq-jdbc-store-5.10.2.jar;C:\Users\merly\.m2\repository\org\apache\geronimo\components\geronimo-connector\3.1.1\geronimo-connector-3.1.1.jar;C:\Users\merly\.m2\repository\org\apache\geronimo\specs\geronimo-j2ee-connector_1.6_spec\1.0\geronimo-j2ee-connector_1.6_spec-1.0.jar;C:\Users\merly\.m2\repository\org\apache\geronimo\components\geronimo-transaction\3.1.1\geronimo-transaction-3.1.1.jar;C:\Users\merly\.m2\repository\org\objectweb\howl\howl\1.0.1-1\howl-1.0.1-1.jar;C:\Users\merly\.m2\repository\org\apache\geronimo\javamail\geronimo-javamail_1.4_mail\1.9.0-alpha-2\geronimo-javamail_1.4_mail-1.9.0-alpha-2.jar;C:\Users\merly\.m2\repository\org\apache\xbean\xbean-asm5-shaded\4.2\xbean-asm5-shaded-4.2.jar;C:\Users\merly\.m2\repository\org\apache\xbean\xbean-finder-shaded\4.2\xbean-finder-shaded-4.2.jar;C:\Users\merly\.m2\repository\org\apache\xbean\xbean-reflect\4.2\xbean-reflect-4.2.jar;C:\Users\merly\.m2\repository\org\apache\xbean\xbean-naming\4.2\xbean-naming-4.2.jar;C:\Users\merly\.m2\repository\org\apache\xbean\xbean-bundleutils\4.2\xbean-bundleutils-4.2.jar;C:\Users\merly\.m2\repository\org\hsqldb\hsqldb\2.3.2\hsqldb-2.3.2.jar;C:\Users\merly\.m2\repository\commons-dbcp\commons-dbcp\1.4\commons-dbcp-1.4.jar;C:\Users\merly\.m2\repository\commons-pool\commons-pool\1.5.7\commons-pool-1.5.7.jar;C:\Users\merly\.m2\repository\org\codehaus\swizzle\swizzle-stream\1.6.2\swizzle-stream-1.6.2.jar;C:\Users\merly\.m2\repository\commons-logging\commons-logging\1.1.1\commons-logging-1.1.1.jar;C:\Users\merly\.m2\repository\org\apache\openejb\shade\quartz-openejb-shade\2.2.1\quartz-openejb-shade-2.2.1.jar;C:\Users\merly\.m2\repository\org\slf4j\slf4j-jdk14\1.7.14\slf4j-jdk14-1.7.14.jar;C:\Users\merly\.m2\repository\org\apache\openwebbeans\openwebbeans-impl\1.2.8\openwebbeans-impl-1.2.8.jar;C:\Users\merly\.m2\repository\org\apache\openwebbeans\openwebbeans-spi\1.2.8\openwebbeans-spi-1.2.8.jar;C:\Users\merly\.m2\repository\org\apache\openwebbeans\openwebbeans-ejb\1.2.8\openwebbeans-ejb-1.2.8.jar;C:\Users\merly\.m2\repository\org\apache\openwebbeans\openwebbeans-ee\1.2.8\openwebbeans-ee-1.2.8.jar;C:\Users\merly\.m2\repository\org\apache\openwebbeans\openwebbeans-ee-common\1.2.8\openwebbeans-ee-common-1.2.8.jar;C:\Users\merly\.m2\repository\org\apache\openwebbeans\openwebbeans-web\1.2.8\openwebbeans-web-1.2.8.jar;C:\Users\merly\.m2\repository\org\apache\openwebbeans\openwebbeans-el22\1.2.8\openwebbeans-el22-1.2.8.jar;C:\Users\merly\.m2\repository\org\apache\openjpa\openjpa\2.4.2\openjpa-2.4.2.jar;C:\Users\merly\.m2\repository\commons-lang\commons-lang\2.6\commons-lang-2.6.jar;C:\Users\merly\.m2\repository\net\sourceforge\serp\serp\1.15.1\serp-1.15.1.jar;C:\Users\merly\.m2\repository\junit\junit\4.13.2\junit-4.13.2.jar;C:\Users\merly\.m2\repository\org\hamcrest\hamcrest-core\2.2\hamcrest-core-2.2.jar;C:\Users\merly\.m2\repository\org\hamcrest\hamcrest\2.2\hamcrest-2.2.jar;C:\Users\merly\.m2\repository\org\apache\bval\bval-core\0.5\bval-core-0.5.jar;C:\Users\merly\.m2\repository\commons-beanutils\commons-beanutils-core\1.8.3\commons-beanutils-core-1.8.3.jar;C:\Users\merly\.m2\repository\org\apache\bval\bval-jsr303\0.5\bval-jsr303-0.5.jar;C:\Users\merly\.m2\repository\org\fusesource\jansi\jansi\2.4.0\jansi-2.4.0.jar;C:\Users\merly\.m2\repository\org\apache\openejb\openejb-loader\4.7.5\openejb-loader-4.7.5.jar;C:\Users\merly\.m2\repository\jakarta\platform\jakarta.jakartaee-web-api\10.0.0\jakarta.jakartaee-web-api-10.0.0.jar;C:\Users\merly\.m2\repository\jakarta\servlet\jakarta.servlet-api\6.0.0\jakarta.servlet-api-6.0.0.jar;C:\Users\merly\.m2\repository\jakarta\servlet\jsp\jakarta.servlet.jsp-api\3.1.0\jakarta.servlet.jsp-api-3.1.0.jar;C:\Users\merly\.m2\repository\jakarta\el\jakarta.el-api\5.0.1\jakarta.el-api-5.0.1.jar;C:\Users\merly\.m2\repository\jakarta\servlet\jsp\jstl\jakarta.servlet.jsp.jstl-api\3.0.0\jakarta.servlet.jsp.jstl-api-3.0.0.jar;C:\Users\merly\.m2\repository\jakarta\faces\jakarta.faces-api\4.0.1\jakarta.faces-api-4.0.1.jar;C:\Users\merly\.m2\repository\jakarta\ws\rs\jakarta.ws.rs-api\3.1.0\jakarta.ws.rs-api-3.1.0.jar;C:\Users\merly\.m2\repository\jakarta\websocket\jakarta.websocket-api\2.1.0\jakarta.websocket-api-2.1.0.jar;C:\Users\merly\.m2\repository\jakarta\websocket\jakarta.websocket-client-api\2.1.0\jakarta.websocket-client-api-2.1.0.jar;C:\Users\merly\.m2\repository\jakarta\json\jakarta.json-api\2.1.0\jakarta.json-api-2.1.0.jar;C:\Users\merly\.m2\repository\jakarta\json\bind\jakarta.json.bind-api\3.0.0\jakarta.json.bind-api-3.0.0.jar;C:\Users\merly\.m2\repository\jakarta\annotation\jakarta.annotation-api\2.1.1\jakarta.annotation-api-2.1.1.jar;C:\Users\merly\.m2\repository\jakarta\ejb\jakarta.ejb-api\4.0.1\jakarta.ejb-api-4.0.1.jar;C:\Users\merly\.m2\repository\jakarta\transaction\jakarta.transaction-api\2.0.1\jakarta.transaction-api-2.0.1.jar;C:\Users\merly\.m2\repository\jakarta\persistence\jakarta.persistence-api\3.1.0\jakarta.persistence-api-3.1.0.jar;C:\Users\merly\.m2\repository\jakarta\validation\jakarta.validation-api\3.0.2\jakarta.validation-api-3.0.2.jar;C:\Users\merly\.m2\repository\jakarta\interceptor\jakarta.interceptor-api\2.1.0\jakarta.interceptor-api-2.1.0.jar;C:\Users\merly\.m2\repository\jakarta\enterprise\jakarta.enterprise.cdi-api\4.0.1\jakarta.enterprise.cdi-api-4.0.1.jar;C:\Users\merly\.m2\repository\jakarta\enterprise\jakarta.enterprise.lang-model\4.0.1\jakarta.enterprise.lang-model-4.0.1.jar;C:\Users\merly\.m2\repository\jakarta\inject\jakarta.inject-api\2.0.1\jakarta.inject-api-2.0.1.jar;C:\Users\merly\.m2\repository\jakarta\authentication\jakarta.authentication-api\3.0.0\jakarta.authentication-api-3.0.0.jar;C:\Users\merly\.m2\repository\jakarta\security\enterprise\jakarta.security.enterprise-api\3.0.0\jakarta.security.enterprise-api-3.0.0.jar;C:\Users\merly\.m2\repository\com\fasterxml\jackson\jaxrs\jackson-jaxrs-json-provider\2.15.2\jackson-jaxrs-json-provider-2.15.2.jar;C:\Users\merly\.m2\repository\com\fasterxml\jackson\jaxrs\jackson-jaxrs-base\2.15.2\jackson-jaxrs-base-2.15.2.jar;C:\Users\merly\.m2\repository\com\fasterxml\jackson\module\jackson-module-jaxb-annotations\2.15.2\jackson-module-jaxb-annotations-2.15.2.jar;C:\Users\merly\.m2\repository\jakarta\activation\jakarta.activation-api\1.2.2\jakarta.activation-api-1.2.2.jar;C:\Users\merly\.m2\repository\com\fasterxml\jackson\core\jackson-databind\2.15.2\jackson-databind-2.15.2.jar;C:\Users\merly\.m2\repository\com\fasterxml\jackson\core\jackson-core\2.15.2\jackson-core-2.15.2.jar;C:\Users\merly\.m2\repository\com\fasterxml\jackson\core\jackson-annotations\2.15.2\jackson-annotations-2.15.2.jar;C:\Users\merly\.m2\repository\com\fasterxml\jackson\datatype\jackson-datatype-jdk8\2.15.2\jackson-datatype-jdk8-2.15.2.jar;C:\Users\merly\.m2\repository\com\fasterxml\jackson\datatype\jackson-datatype-jsr310\2.15.2\jackson-datatype-jsr310-2.15.2.jar;C:\Users\merly\.m2\repository\javax\xml\bind\jaxb-api\2.3.1\jaxb-api-2.3.1.jar;C:\Users\merly\.m2\repository\javax\activation\javax.activation-api\1.2.0\javax.activation-api-1.2.0.jar;C:\Users\merly\.m2\repository\org\glassfish\jaxb\jaxb-runtime\2.3.1\jaxb-runtime-2.3.1.jar;C:\Users\merly\.m2\repository\org\glassfish\jaxb\txw2\2.3.1\txw2-2.3.1.jar;C:\Users\merly\.m2\repository\com\sun\istack\istack-commons-runtime\3.0.7\istack-commons-runtime-3.0.7.jar;C:\Users\merly\.m2\repository\org\jvnet\staxex\stax-ex\1.8\stax-ex-1.8.jar;C:\Users\merly\.m2\repository\com\sun\xml\fastinfoset\FastInfoset\1.2.15\FastInfoset-1.2.15.jar;C:\Users\merly\.m2\repository\org\jboss\weld\se\weld-se-core\5.1.2.Final\weld-se-core-5.1.2.Final.jar;C:\Users\merly\.m2\repository\org\jboss\weld\environment\weld-environment-common\5.1.2.Final\weld-environment-common-5.1.2.Final.jar;C:\Users\merly\.m2\repository\org\jboss\weld\weld-core-impl\5.1.2.Final\weld-core-impl-5.1.2.Final.jar;C:\Users\merly\.m2\repository\org\jboss\weld\weld-api\5.0.SP3\weld-api-5.0.SP3.jar;C:\Users\merly\.m2\repository\org\jboss\weld\weld-spi\5.0.SP3\weld-spi-5.0.SP3.jar;C:\Users\merly\.m2\repository\org\jboss\weld\weld-lite-extension-translator\5.1.2.Final\weld-lite-extension-translator-5.1.2.Final.jar;C:\Users\merly\.m2\repository\org\jboss\logging\jboss-logging-processor\2.2.1.Final\jboss-logging-processor-2.2.1.Final.jar;C:\Users\merly\.m2\repository\org\jboss\logging\jboss-logging-annotations\2.2.1.Final\jboss-logging-annotations-2.2.1.Final.jar;C:\Users\merly\.m2\repository\org\jboss\jdeparser\jdeparser\2.0.3.Final\jdeparser-2.0.3.Final.jar;C:\Users\merly\.m2\repository\org\jboss\classfilewriter\jboss-classfilewriter\1.3.0.Final\jboss-classfilewriter-1.3.0.Final.jar;C:\Users\merly\.m2\repository\org\junit\jupiter\junit-jupiter-api\5.9.2\junit-jupiter-api-5.9.2.jar;C:\Users\merly\.m2\repository\org\opentest4j\opentest4j\1.2.0\opentest4j-1.2.0.jar;C:\Users\merly\.m2\repository\org\junit\platform\junit-platform-commons\1.9.2\junit-platform-commons-1.9.2.jar;C:\Users\merly\.m2\repository\org\apiguardian\apiguardian-api\1.1.2\apiguardian-api-1.1.2.jar;C:\Users\merly\.m2\repository\org\junit\jupiter\junit-jupiter-engine\5.9.2\junit-jupiter-engine-5.9.2.jar;C:\Users\merly\.m2\repository\org\junit\platform\junit-platform-engine\1.9.2\junit-platform-engine-1.9.2.jar;C:\Users\merly\.m2\repository\org\mariadb\jdbc\mariadb-java-client\3.1.4\mariadb-java-client-3.1.4.jar;C:\Users\merly\.m2\repository\com\github\waffle\waffle-jna\3.2.0\waffle-jna-3.2.0.jar;C:\Users\merly\.m2\repository\net\java\dev\jna\jna\5.12.1\jna-5.12.1.jar;C:\Users\merly\.m2\repository\net\java\dev\jna\jna-platform\5.12.1\jna-platform-5.12.1.jar;C:\Users\merly\.m2\repository\org\slf4j\jcl-over-slf4j\1.7.36\jcl-over-slf4j-1.7.36.jar;C:\Users\merly\.m2\repository\com\github\ben-manes\caffeine\caffeine\2.9.3\caffeine-2.9.3.jar;C:\Users\merly\.m2\repository\com\google\errorprone\error_prone_annotations\2.10.0\error_prone_annotations-2.10.0.jar;C:\Users\merly\.m2\repository\org\checkerframework\checker-qual\3.23.0\checker-qual-3.23.0.jar;C:\Users\merly\.m2\repository\org\slf4j\slf4j-api\2.0.13\slf4j-api-2.0.13.jar;C:\Users\merly\.m2\repository\org\apache\logging\log4j\log4j-slf4j2-impl\2.23.1\log4j-slf4j2-impl-2.23.1.jar;C:\Users\merly\.m2\repository\org\apache\logging\log4j\log4j-api\2.23.1\log4j-api-2.23.1.jar;C:\Users\merly\.m2\repository\org\apache\logging\log4j\log4j-core\2.23.1\log4j-core-2.23.1.jar;C:\Users\merly\.m2\repository\org\openjfx\javafx-controls\21.0.2\javafx-controls-21.0.2.jar;C:\Users\merly\.m2\repository\org\openjfx\javafx-graphics\21.0.2\javafx-graphics-21.0.2.jar;C:\Users\merly\.m2\repository\org\openjfx\javafx-graphics\21.0.2\javafx-graphics-21.0.2-win.jar;C:\Users\merly\.m2\repository\org\openjfx\javafx-base\21.0.2\javafx-base-21.0.2.jar;C:\Users\merly\.m2\repository\org\openjfx\javafx-base\21.0.2\javafx-base-21.0.2-win.jar;C:\Users\merly\.m2\repository\org\openjfx\javafx-web\21.0.2\javafx-web-21.0.2.jar;C:\Users\merly\.m2\repository\org\openjfx\javafx-web\21.0.2\javafx-web-21.0.2-win.jar;C:\Users\merly\.m2\repository\org\openjfx\javafx-media\21.0.2\javafx-media-21.0.2.jar;C:\Users\merly\.m2\repository\org\openjfx\javafx-media\21.0.2\javafx-media-21.0.2-win.jar;C:\Users\merly\.m2\repository\org\openjfx\javafx-controls\21.0.2\javafx-controls-21.0.2-win.jar;C:\Users\merly\.m2\repository\jakarta\xml\bind\jakarta.xml.bind-api\3.0.1\jakarta.xml.bind-api-3.0.1.jar;C:\Users\merly\.m2\repository\com\sun\activation\jakarta.activation\2.0.1\jakarta.activation-2.0.1.jar;C:\Users\merly\.m2\repository\org\mindrot\jbcrypt\0.4\jbcrypt-0.4.jar;C:\Users\merly\.m2\repository\org\jboss\arquillian\junit5\arquillian-junit5-container\1.8.0.Final\arquillian-junit5-container-1.8.0.Final.jar;C:\Users\merly\.m2\repository\org\jboss\arquillian\test\arquillian-test-api\1.8.0.Final\arquillian-test-api-1.8.0.Final.jar;C:\Users\merly\.m2\repository\org\jboss\arquillian\test\arquillian-test-spi\1.8.0.Final\arquillian-test-spi-1.8.0.Final.jar;C:\Users\merly\.m2\repository\org\jboss\arquillian\core\arquillian-core-spi\1.8.0.Final\arquillian-core-spi-1.8.0.Final.jar;C:\Users\merly\.m2\repository\org\jboss\arquillian\container\arquillian-container-test-api\1.8.0.Final\arquillian-container-test-api-1.8.0.Final.jar;C:\Users\merly\.m2\repository\org\jboss\shrinkwrap\descriptors\shrinkwrap-descriptors-api-base\2.0.0\shrinkwrap-descriptors-api-base-2.0.0.jar;C:\Users\merly\.m2\repository\org\jboss\arquillian\container\arquillian-container-test-spi\1.8.0.Final\arquillian-container-test-spi-1.8.0.Final.jar;C:\Users\merly\.m2\repository\org\jboss\arquillian\container\arquillian-container-spi\1.8.0.Final\arquillian-container-spi-1.8.0.Final.jar;C:\Users\merly\.m2\repository\org\jboss\arquillian\core\arquillian-core-impl-base\1.8.0.Final\arquillian-core-impl-base-1.8.0.Final.jar;C:\Users\merly\.m2\repository\org\jboss\arquillian\test\arquillian-test-impl-base\1.8.0.Final\arquillian-test-impl-base-1.8.0.Final.jar;C:\Users\merly\.m2\repository\org\jboss\arquillian\container\arquillian-container-impl-base\1.8.0.Final\arquillian-container-impl-base-1.8.0.Final.jar;C:\Users\merly\.m2\repository\org\jboss\arquillian\config\arquillian-config-api\1.8.0.Final\arquillian-config-api-1.8.0.Final.jar;C:\Users\merly\.m2\repository\org\jboss\arquillian\config\arquillian-config-impl-base\1.8.0.Final\arquillian-config-impl-base-1.8.0.Final.jar;C:\Users\merly\.m2\repository\org\jboss\arquillian\config\arquillian-config-spi\1.8.0.Final\arquillian-config-spi-1.8.0.Final.jar;C:\Users\merly\.m2\repository\org\jboss\shrinkwrap\descriptors\shrinkwrap-descriptors-spi\2.0.0\shrinkwrap-descriptors-spi-2.0.0.jar;C:\Users\merly\.m2\repository\org\jboss\arquillian\container\arquillian-container-test-impl-base\1.8.0.Final\arquillian-container-test-impl-base-1.8.0.Final.jar;C:\Users\merly\.m2\repository\org\jboss\arquillian\junit5\arquillian-junit5-core\1.8.0.Final\arquillian-junit5-core-1.8.0.Final.jar;C:\Users\merly\.m2\repository\org\wildfly\arquillian\wildfly-arquillian-container-managed\2.1.1.Final\wildfly-arquillian-container-managed-2.1.1.Final.jar;C:\Users\merly\.m2\repository\org\wildfly\arquillian\wildfly-arquillian-common\2.1.1.Final\wildfly-arquillian-common-2.1.1.Final.jar;C:\Users\merly\.m2\repository\org\jboss\arquillian\testenricher\arquillian-testenricher-cdi\1.8.0.Final\arquillian-testenricher-cdi-1.8.0.Final.jar;C:\Users\merly\.m2\repository\org\jboss\arquillian\testenricher\arquillian-testenricher-ejb\1.8.0.Final\arquillian-testenricher-ejb-1.8.0.Final.jar;C:\Users\merly\.m2\repository\org\jboss\arquillian\testenricher\arquillian-testenricher-initialcontext\1.8.0.Final\arquillian-testenricher-initialcontext-1.8.0.Final.jar;C:\Users\merly\.m2\repository\org\jboss\arquillian\testenricher\arquillian-testenricher-resource\1.8.0.Final\arquillian-testenricher-resource-1.8.0.Final.jar;C:\Users\merly\.m2\repository\org\jboss\arquillian\protocol\arquillian-protocol-servlet\1.8.0.Final\arquillian-protocol-servlet-1.8.0.Final.jar;C:\Users\merly\.m2\repository\org\wildfly\arquillian\wildfly-arquillian-testenricher-msc\2.1.1.Final\wildfly-arquillian-testenricher-msc-2.1.1.Final.jar;C:\Users\merly\.m2\repository\org\wildfly\core\wildfly-server\3.0.0.Final\wildfly-server-3.0.0.Final.jar;C:\Users\merly\.m2\repository\org\wildfly\core\wildfly-controller\3.0.0.Final\wildfly-controller-3.0.0.Final.jar;C:\Users\merly\.m2\repository\org\jboss\staxmapper\1.3.0.Final\staxmapper-1.3.0.Final.jar;C:\Users\merly\.m2\repository\org\projectodd\vdx\vdx-wildfly\1.1.6\vdx-wildfly-1.1.6.jar;C:\Users\merly\.m2\repository\org\projectodd\vdx\vdx-core\1.1.6\vdx-core-1.1.6.jar;C:\Users\merly\.m2\repository\org\wildfly\core\wildfly-core-management-client\3.0.0.Final\wildfly-core-management-client-3.0.0.Final.jar;C:\Users\merly\.m2\repository\org\wildfly\core\wildfly-domain-http-interface\3.0.0.Final\wildfly-domain-http-interface-3.0.0.Final.jar;C:\Users\merly\.m2\repository\org\wildfly\security\elytron-web\undertow-server\1.0.0.Final\undertow-server-1.0.0.Final.jar;C:\Users\merly\.m2\repository\org\wildfly\core\wildfly-deployment-repository\3.0.0.Final\wildfly-deployment-repository-3.0.0.Final.jar;C:\Users\merly\.m2\repository\org\wildfly\core\wildfly-platform-mbean\3.0.0.Final\wildfly-platform-mbean-3.0.0.Final.jar;C:\Users\merly\.m2\repository\org\wildfly\core\wildfly-process-controller\3.0.0.Final\wildfly-process-controller-3.0.0.Final.jar;C:\Users\merly\.m2\repository\org\wildfly\core\wildfly-network\3.0.0.Final\wildfly-network-3.0.0.Final.jar;C:\Users\merly\.m2\repository\org\wildfly\core\wildfly-version\3.0.0.Final\wildfly-version-3.0.0.Final.jar;C:\Users\merly\.m2\repository\org\jboss\jandex\2.0.3.Final\jandex-2.0.3.Final.jar;C:\Users\merly\.m2\repository\org\jboss\invocation\jboss-invocation\1.5.0.Final\jboss-invocation-1.5.0.Final.jar;C:\Users\merly\.m2\repository\org\jboss\logmanager\jboss-logmanager\2.0.7.Final\jboss-logmanager-2.0.7.Final.jar;C:\Users\merly\.m2\repository\org\jboss\modules\jboss-modules\1.6.0.Final\jboss-modules-1.6.0.Final.jar;C:\Users\merly\.m2\repository\org\jboss\stdio\jboss-stdio\1.0.2.GA\jboss-stdio-1.0.2.GA.jar;C:\Users\merly\.m2\repository\org\jboss\jboss-vfs\3.2.12.Final\jboss-vfs-3.2.12.Final.jar;C:\Users\merly\.m2\repository\io\undertow\undertow-core\1.4.18.Final\undertow-core-1.4.18.Final.jar;C:\Users\merly\.m2\repository\org\wildfly\core\wildfly-controller-client\3.0.0.Final\wildfly-controller-client-3.0.0.Final.jar;C:\Users\merly\.m2\repository\org\wildfly\core\wildfly-protocol\3.0.0.Final\wildfly-protocol-3.0.0.Final.jar;C:\Users\merly\.m2\repository\org\jboss\jboss-dmr\1.4.1.Final\jboss-dmr-1.4.1.Final.jar;C:\Users\merly\.m2\repository\org\jboss\threads\jboss-threads\2.2.1.Final\jboss-threads-2.2.1.Final.jar;C:\Users\merly\.m2\repository\org\wildfly\plugins\wildfly-plugin-core\1.2.0.Final\wildfly-plugin-core-1.2.0.Final.jar;C:\Users\merly\.m2\repository\org\jboss\shrinkwrap\descriptors\shrinkwrap-descriptors-impl-base\2.0.0\shrinkwrap-descriptors-impl-base-2.0.0.jar;C:\Users\merly\.m2\repository\org\wildfly\common\wildfly-common\1.2.0.Final\wildfly-common-1.2.0.Final.jar;C:\Users\merly\.m2\repository\org\wildfly\arquillian\wildfly-arquillian-protocol-jmx\2.1.1.Final\wildfly-arquillian-protocol-jmx-2.1.1.Final.jar;C:\Users\merly\.m2\repository\org\wildfly\security\wildfly-elytron\1.1.0.Final\wildfly-elytron-1.1.0.Final.jar;C:\Users\merly\.m2\repository\org\jboss\arquillian\protocol\arquillian-protocol-jmx\1.8.0.Final\arquillian-protocol-jmx-1.8.0.Final.jar;C:\Users\merly\.m2\repository\org\wildfly\core\wildfly-jmx\3.0.0.Final\wildfly-jmx-3.0.0.Final.jar;C:\Users\merly\.m2\repository\org\jboss\msc\jboss-msc\1.2.7.SP1\jboss-msc-1.2.7.SP1.jar;C:\Users\merly\.m2\repository\org\wildfly\core\wildfly-remoting\3.0.0.Final\wildfly-remoting-3.0.0.Final.jar;C:\Users\merly\.m2\repository\org\wildfly\core\wildfly-domain-management\3.0.0.Final\wildfly-domain-management-3.0.0.Final.jar;C:\Users\merly\.m2\repository\org\picketbox\picketbox\5.0.2.Final\picketbox-5.0.2.Final.jar;C:\Users\merly\.m2\repository\org\wildfly\openssl\wildfly-openssl-java\1.0.2.Final\wildfly-openssl-java-1.0.2.Final.jar;C:\Users\merly\.m2\repository\org\wildfly\core\wildfly-core-security\3.0.0.Final\wildfly-core-security-3.0.0.Final.jar;C:\Users\merly\.m2\repository\org\wildfly\core\wildfly-core-security-api\3.0.0.Final\wildfly-core-security-api-3.0.0.Final.jar;C:\Users\merly\.m2\repository\org\wildfly\core\wildfly-io\3.0.0.Final\wildfly-io-3.0.0.Final.jar;C:\Users\merly\.m2\repository\org\jboss\xnio\xnio-api\3.5.1.Final\xnio-api-3.5.1.Final.jar;C:\Users\merly\.m2\repository\org\wildfly\client\wildfly-client-config\1.0.0.Final\wildfly-client-config-1.0.0.Final.jar;C:\Users\merly\.m2\repository\org\jboss\xnio\xnio-nio\3.5.1.Final\xnio-nio-3.5.1.Final.jar;C:\Users\merly\.m2\repository\org\jboss\logging\jboss-logging\3.3.1.Final\jboss-logging-3.3.1.Final.jar;C:\Users\merly\.m2\repository\org\jboss\marshalling\jboss-marshalling\2.0.0.Final\jboss-marshalling-2.0.0.Final.jar;C:\Users\merly\.m2\repository\org\jboss\marshalling\jboss-marshalling-river\2.0.0.Final\jboss-marshalling-river-2.0.0.Final.jar;C:\Users\merly\.m2\repository\org\jboss\remoting\jboss-remoting\5.0.0.Final\jboss-remoting-5.0.0.Final.jar;C:\Users\merly\.m2\repository\org\jboss\remotingjmx\remoting-jmx\3.0.0.Final\remoting-jmx-3.0.0.Final.jar;C:\Users\merly\.m2\repository\javax\inject\javax.inject\1\javax.inject-1.jar;C:\Users\merly\.m2\repository\org\wildfly\core\wildfly-launcher\3.0.0.Final\wildfly-launcher-3.0.0.Final.jar;C:\Users\merly\.m2\repository\org\jboss\arquillian\core\arquillian-core-api\1.8.0.Final\arquillian-core-api-1.8.0.Final.jar;C:\Users\merly\.m2\repository\org\jboss\shrinkwrap\shrinkwrap-api\1.2.6\shrinkwrap-api-1.2.6.jar;C:\Users\merly\.m2\repository\org\jboss\shrinkwrap\shrinkwrap-impl-base\1.2.6\shrinkwrap-impl-base-1.2.6.jar;C:\Users\merly\.m2\repository\org\jboss\shrinkwrap\shrinkwrap-spi\1.2.6\shrinkwrap-spi-1.2.6.jar;"/>
    <property name="sun.cpu.endian" value="little"/>
    <property name="user.home" value="C:\Users\merly"/>
    <property name="user.language" value="de"/>
    <property name="java.specification.vendor" value="Oracle Corporation"/>
    <property name="java.version.date" value="2025-01-21"/>
    <property name="java.home" value="C:\Program Files\Eclipse Adoptium\jdk-17.0.14.7-hotspot"/>
    <property name="file.separator" value="\"/>
    <property name="basedir" value="C:\merLab\projects\StackFlowServer\stackflow"/>
    <property name="java.vm.compressedOopsMode" value="Zero based"/>
    <property name="line.separator" value="&#10;"/>
    <property name="java.vm.specification.vendor" value="Oracle Corporation"/>
    <property name="java.specification.name" value="Java Platform API Specification"/>
    <property name="surefire.real.class.path" value="C:\Users\merly\AppData\Local\Temp\surefire10882230381806221859\surefirebooter-20250614224540700_3.jar"/>
    <property name="user.script" value=""/>
    <property name="sun.management.compiler" value="HotSpot 64-Bit Tiered Compilers"/>
    <property name="java.runtime.version" value="17.0.14+7"/>
    <property name="user.name" value="merly"/>
    <property name="path.separator" value=";"/>
    <property name="os.version" value="10.0"/>
    <property name="java.runtime.name" value="OpenJDK Runtime Environment"/>
    <property name="file.encoding" value="Cp1252"/>
    <property name="java.vm.name" value="OpenJDK 64-Bit Server VM"/>
    <property name="java.vendor.version" value="Temurin-17.0.14+7"/>
    <property name="maven.ext.class.path" value="C:\Program Files\NetBeans-25\netbeans\java\maven-nblib\netbeans-eventspy.jar"/>
    <property name="localRepository" value="C:\Users\merly\.m2\repository"/>
    <property name="java.vendor.url.bug" value="https://github.com/adoptium/adoptium-support/issues"/>
    <property name="java.io.tmpdir" value="C:\Users\merly\AppData\Local\Temp\"/>
    <property name="java.version" value="17.0.14"/>
    <property name="user.dir" value="C:\merLab\projects\StackFlowServer\stackflow"/>
    <property name="os.arch" value="amd64"/>
    <property name="java.vm.specification.name" value="Java Virtual Machine Specification"/>
    <property name="sun.os.patch.level" value=""/>
    <property name="native.encoding" value="Cp1252"/>
    <property name="java.library.path" value="C:\Program Files\Eclipse Adoptium\jdk-17.0.14.7-hotspot\bin;C:\WINDOWS\Sun\Java\bin;C:\WINDOWS\system32;C:\WINDOWS;C:\Program Files\Eclipse Adoptium\jdk-17.0.14.7-hotspot\bin;C:\Users\merly\AppData\Local\Programs\Python\Python313\Scripts\;C:\Program Files\Eclipse Adoptium\jdk-21.0.2.13-hotspot\bin;C:\Program Files (x86)\Common Files\Oracle\Java\javapath;C:\Windows\system32;C:\Windows;C:\Windows\System32\Wbem;C:\Windows\System32\WindowsPowerShell\v1.0\;C:\Windows\System32\OpenSSH\;C:\Program Files\MATLAB\R2008b\bin;C:\Program Files\MATLAB\R2008b\bin\win64;C:\Users\merly\AppData\Local\Programs\Python\Python313\;C:\Programs\anaconda3;C:\Programs\anaconda3\Scripts;C:\Programs\anaconda3\Library\bin;C:\Program Files\Docker\Docker\resources\bin;C:\Program Files\dotnet\;c:\Users\merly\AppData\Local\Programs\cursor\resources\app\bin;C:\Program Files\Java\jdk-23.0.1\bin;C:\Program Files\Git\cmd;C:\Program Files\Git\bin;C:\Program Files\MongoDB\mongosh-2.3.3-win32-x64\bin;C:\WINDOWS\system32;C:\WINDOWS;C:\WINDOWS\System32\Wbem;C:\WINDOWS\System32\WindowsPowerShell\v1.0\;C:\WINDOWS\System32\OpenSSH\;C:\Program Files\nodejs\;C:\ProgramData\chocolatey\bin;C:\Program Files (x86)\Windows Kits\10\Windows Performance Toolkit\;C:\Program Files\CMake\bin;C:\Program Files\MariaDB 11.4\bin;C:\apache-maven-3.9.10\bin;C:\Programs\anaconda3;C:\Programs\anaconda3\Library\mingw-w64\bin;C:\Programs\anaconda3\Library\usr\bin;C:\Programs\anaconda3\Library\bin;C:\Programs\anaconda3\Scripts;C:\Users\merly\AppData\Local\Microsoft\WindowsApps;C:\Programs\Microsoft VS Code\bin;C:\Users\merly\AppData\Local\atom\bin;C:\Users\merly\.anaconda;C:\Users\merly\AppData\Local\Programs\Ollama;C:\Users\merly\AppData\Local\Muse Hub\lib;C:\Users\merly\AppData\Local\Programs\MiKTeX\miktex\bin\x64\;C:\Users\merly\AppData\Local\Microsoft\WindowsApps;C:\Users\merly\AppData\Roaming\npm;C:\Users\merly\AppData\Local\Programs\cursor\resources\app\bin;."/>
    <property name="java.vm.info" value="mixed mode, sharing"/>
    <property name="java.vendor" value="Eclipse Adoptium"/>
    <property name="java.vm.version" value="17.0.14+7"/>
    <property name="java.specification.maintenance.version" value="1"/>
    <property name="sun.io.unicode.encoding" value="UnicodeLittle"/>
    <property name="java.class.version" value="61.0"/>
  </properties>
  <testcase name="register_and_retrieve_user" classname="com.merlab.stackflow.service.UserServiceBeanUnitTest" time="0.339"/>
</testsuite>